mode: set
/Users/vigneku/Documents/Mine/Go/Go-Micro-Service/cron/cron.go:19.21,21.2 1 1
/Users/vigneku/Documents/Mine/Go/Go-Micro-Service/cron/cron.go:23.33,24.15 1 1
/Users/vigneku/Documents/Mine/Go/Go-Micro-Service/cron/cron.go:24.15,28.3 3 1
/Users/vigneku/Documents/Mine/Go/Go-Micro-Service/cron/cron.go:31.20,32.25 1 1
/Users/vigneku/Documents/Mine/Go/Go-Micro-Service/cron/cron.go:32.25,35.3 2 1
/Users/vigneku/Documents/Mine/Go/Go-Micro-Service/cron/cron.go:38.21,42.2 3 1
/Users/vigneku/Documents/Mine/Go/Go-Micro-Service/cron/cron.go:44.16,47.2 2 1
/Users/vigneku/Documents/Mine/Go/Go-Micro-Service/services/v1/user/model/userModel.go:19.80,21.18 2 1
/Users/vigneku/Documents/Mine/Go/Go-Micro-Service/services/v1/user/model/userModel.go:27.5,28.22 2 1
/Users/vigneku/Documents/Mine/Go/Go-Micro-Service/services/v1/user/model/userModel.go:22.16,23.31 1 1
/Users/vigneku/Documents/Mine/Go/Go-Micro-Service/services/v1/user/model/userModel.go:24.16,25.33 1 0
/Users/vigneku/Documents/Mine/Go/Go-Micro-Service/services/services.go:23.48,24.17 1 1
/Users/vigneku/Documents/Mine/Go/Go-Micro-Service/services/services.go:27.2,27.23 1 1
/Users/vigneku/Documents/Mine/Go/Go-Micro-Service/services/services.go:24.17,26.3 1 1
/Users/vigneku/Documents/Mine/Go/Go-Micro-Service/services/services.go:30.32,33.2 2 1
/Users/vigneku/Documents/Mine/Go/Go-Micro-Service/services/services.go:35.36,38.2 2 1
/Users/vigneku/Documents/Mine/Go/Go-Micro-Service/services/services.go:40.33,43.2 2 1
/Users/vigneku/Documents/Mine/Go/Go-Micro-Service/services/services.go:45.28,48.2 2 0
/Users/vigneku/Documents/Mine/Go/Go-Micro-Service/services/services.go:50.37,54.2 3 0
/Users/vigneku/Documents/Mine/Go/Go-Micro-Service/services/services.go:56.48,58.2 1 1
/Users/vigneku/Documents/Mine/Go/Go-Micro-Service/services/services.go:61.58,63.31 2 1
/Users/vigneku/Documents/Mine/Go/Go-Micro-Service/services/services.go:67.2,67.60 1 1
/Users/vigneku/Documents/Mine/Go/Go-Micro-Service/services/services.go:63.31,66.3 2 0
/Users/vigneku/Documents/Mine/Go/Go-Micro-Service/services/services.go:71.68,73.16 2 1
/Users/vigneku/Documents/Mine/Go/Go-Micro-Service/services/services.go:79.2,80.93 2 1
/Users/vigneku/Documents/Mine/Go/Go-Micro-Service/services/services.go:73.16,78.3 4 0
/Users/vigneku/Documents/Mine/Go/Go-Micro-Service/services/model/response.go:23.52,26.2 2 1
/Users/vigneku/Documents/Mine/Go/Go-Micro-Service/services/model/response.go:28.65,32.20 3 1
/Users/vigneku/Documents/Mine/Go/Go-Micro-Service/services/model/response.go:36.5,38.16 3 1
/Users/vigneku/Documents/Mine/Go/Go-Micro-Service/services/model/response.go:43.5,44.32 2 1
/Users/vigneku/Documents/Mine/Go/Go-Micro-Service/services/model/response.go:32.20,34.6 1 1
/Users/vigneku/Documents/Mine/Go/Go-Micro-Service/services/model/response.go:38.16,42.6 3 1
/Users/vigneku/Documents/Mine/Go/Go-Micro-Service/services/model/response.go:47.48,51.2 3 1
/Users/vigneku/Documents/Mine/Go/Go-Micro-Service/services/model/serviceprofile.go:17.78,20.2 2 1
/Users/vigneku/Documents/Mine/Go/Go-Micro-Service/services/model/statusModel.go:20.82,23.2 2 1
/Users/vigneku/Documents/Mine/Go/Go-Micro-Service/main.go:28.13,30.2 1 0
/Users/vigneku/Documents/Mine/Go/Go-Micro-Service/main.go:33.37,37.27 3 1
/Users/vigneku/Documents/Mine/Go/Go-Micro-Service/main.go:43.2,43.16 1 1
/Users/vigneku/Documents/Mine/Go/Go-Micro-Service/main.go:37.27,39.40 2 1
/Users/vigneku/Documents/Mine/Go/Go-Micro-Service/main.go:39.40,41.4 1 1
/Users/vigneku/Documents/Mine/Go/Go-Micro-Service/main.go:47.57,56.2 6 1
/Users/vigneku/Documents/Mine/Go/Go-Micro-Service/main.go:59.24,68.2 6 1
/Users/vigneku/Documents/Mine/Go/Go-Micro-Service/main.go:72.44,74.12 2 1
/Users/vigneku/Documents/Mine/Go/Go-Micro-Service/main.go:79.2,79.33 1 1
/Users/vigneku/Documents/Mine/Go/Go-Micro-Service/main.go:74.12,75.93 1 0
/Users/vigneku/Documents/Mine/Go/Go-Micro-Service/main.go:75.93,77.4 1 0
/Users/vigneku/Documents/Mine/Go/Go-Micro-Service/main.go:83.54,105.2 11 1
/Users/vigneku/Documents/Mine/Go/Go-Micro-Service/middleware/middleware.go:24.53,25.75 1 1
/Users/vigneku/Documents/Mine/Go/Go-Micro-Service/middleware/middleware.go:25.75,27.22 2 1
/Users/vigneku/Documents/Mine/Go/Go-Micro-Service/middleware/middleware.go:27.22,31.4 3 1
/Users/vigneku/Documents/Mine/Go/Go-Micro-Service/middleware/middleware.go:31.9,33.4 1 1
/Users/vigneku/Documents/Mine/Go/Go-Micro-Service/middleware/middleware.go:38.45,39.75 1 1
/Users/vigneku/Documents/Mine/Go/Go-Micro-Service/middleware/middleware.go:39.75,41.3 1 1
/Users/vigneku/Documents/Mine/Go/Go-Micro-Service/middleware/middleware.go:44.79,45.33 1 1
/Users/vigneku/Documents/Mine/Go/Go-Micro-Service/middleware/middleware.go:48.2,50.10 2 0
/Users/vigneku/Documents/Mine/Go/Go-Micro-Service/middleware/middleware.go:45.33,47.3 1 1
/Users/vigneku/Documents/Mine/Go/Go-Micro-Service/middleware/middleware.go:50.10,52.3 1 0
/Users/vigneku/Documents/Mine/Go/Go-Micro-Service/middleware/middleware.go:52.8,54.3 1 0
/Users/vigneku/Documents/Mine/Go/Go-Micro-Service/middleware/middleware.go:57.108,58.33 1 1
/Users/vigneku/Documents/Mine/Go/Go-Micro-Service/middleware/middleware.go:61.2,63.10 2 1
/Users/vigneku/Documents/Mine/Go/Go-Micro-Service/middleware/middleware.go:58.33,60.3 1 1
/Users/vigneku/Documents/Mine/Go/Go-Micro-Service/middleware/middleware.go:63.10,65.3 1 1
/Users/vigneku/Documents/Mine/Go/Go-Micro-Service/middleware/middleware.go:65.8,67.3 1 1
/Users/vigneku/Documents/Mine/Go/Go-Micro-Service/services/v1/user/user.go:22.68,29.20 6 1
/Users/vigneku/Documents/Mine/Go/Go-Micro-Service/services/v1/user/user.go:30.22,31.22 1 1
/Users/vigneku/Documents/Mine/Go/Go-Micro-Service/services/v1/user/user.go:39.3,39.8 1 1
/Users/vigneku/Documents/Mine/Go/Go-Micro-Service/services/v1/user/user.go:40.23,42.8 2 1
/Users/vigneku/Documents/Mine/Go/Go-Micro-Service/services/v1/user/user.go:43.22,44.22 1 1
/Users/vigneku/Documents/Mine/Go/Go-Micro-Service/services/v1/user/user.go:50.3,50.8 1 1
/Users/vigneku/Documents/Mine/Go/Go-Micro-Service/services/v1/user/user.go:51.25,52.23 1 1
/Users/vigneku/Documents/Mine/Go/Go-Micro-Service/services/v1/user/user.go:58.3,58.8 1 1
/Users/vigneku/Documents/Mine/Go/Go-Micro-Service/services/v1/user/user.go:59.10,62.8 3 0
/Users/vigneku/Documents/Mine/Go/Go-Micro-Service/services/v1/user/user.go:31.22,33.4 1 1
/Users/vigneku/Documents/Mine/Go/Go-Micro-Service/services/v1/user/user.go:33.9,33.28 1 1
/Users/vigneku/Documents/Mine/Go/Go-Micro-Service/services/v1/user/user.go:33.28,35.4 1 1
/Users/vigneku/Documents/Mine/Go/Go-Micro-Service/services/v1/user/user.go:35.9,38.4 2 0
/Users/vigneku/Documents/Mine/Go/Go-Micro-Service/services/v1/user/user.go:44.22,46.4 1 1
/Users/vigneku/Documents/Mine/Go/Go-Micro-Service/services/v1/user/user.go:46.9,49.4 2 0
/Users/vigneku/Documents/Mine/Go/Go-Micro-Service/services/v1/user/user.go:52.23,54.4 1 1
/Users/vigneku/Documents/Mine/Go/Go-Micro-Service/services/v1/user/user.go:54.9,57.4 2 0
/Users/vigneku/Documents/Mine/Go/Go-Micro-Service/services/v1/user/user.go:68.57,72.16 3 1
/Users/vigneku/Documents/Mine/Go/Go-Micro-Service/services/v1/user/user.go:78.2,79.87 2 1
/Users/vigneku/Documents/Mine/Go/Go-Micro-Service/services/v1/user/user.go:72.16,77.3 4 0
/Users/vigneku/Documents/Mine/Go/Go-Micro-Service/services/v1/user/user.go:84.72,88.16 3 1
/Users/vigneku/Documents/Mine/Go/Go-Micro-Service/services/v1/user/user.go:94.2,95.87 2 1
/Users/vigneku/Documents/Mine/Go/Go-Micro-Service/services/v1/user/user.go:88.16,93.3 4 0
/Users/vigneku/Documents/Mine/Go/Go-Micro-Service/services/v1/user/user.go:99.54,103.16 3 1
/Users/vigneku/Documents/Mine/Go/Go-Micro-Service/services/v1/user/user.go:109.2,110.83 2 1
/Users/vigneku/Documents/Mine/Go/Go-Micro-Service/services/v1/user/user.go:103.16,108.3 4 0
/Users/vigneku/Documents/Mine/Go/Go-Micro-Service/services/v1/user/user.go:114.80,118.16 3 1
/Users/vigneku/Documents/Mine/Go/Go-Micro-Service/services/v1/user/user.go:124.2,125.89 2 1
/Users/vigneku/Documents/Mine/Go/Go-Micro-Service/services/v1/user/user.go:118.16,123.3 4 0
/Users/vigneku/Documents/Mine/Go/Go-Micro-Service/services/v1/user/user.go:129.73,133.16 3 1
/Users/vigneku/Documents/Mine/Go/Go-Micro-Service/services/v1/user/user.go:139.2,140.82 2 1
/Users/vigneku/Documents/Mine/Go/Go-Micro-Service/services/v1/user/user.go:133.16,138.3 4 0
